TN:
SF:services/calendarIntelligence.js
FN:20,(anonymous_0)
FN:28,(anonymous_1)
FN:37,(anonymous_2)
FN:79,(anonymous_3)
FN:157,(anonymous_4)
FN:212,(anonymous_5)
FN:279,(anonymous_6)
FN:349,(anonymous_7)
FN:410,(anonymous_8)
FN:474,(anonymous_9)
FN:491,(anonymous_10)
FN:492,(anonymous_11)
FN:503,(anonymous_12)
FNF:13
FNH:0
FNDA:0,(anonymous_0)
FNDA:0,(anonymous_1)
FNDA:0,(anonymous_2)
FNDA:0,(anonymous_3)
FNDA:0,(anonymous_4)
FNDA:0,(anonymous_5)
FNDA:0,(anonymous_6)
FNDA:0,(anonymous_7)
FNDA:0,(anonymous_8)
FNDA:0,(anonymous_9)
FNDA:0,(anonymous_10)
FNDA:0,(anonymous_11)
FNDA:0,(anonymous_12)
DA:6,0
DA:7,0
DA:10,0
DA:11,0
DA:12,0
DA:16,0
DA:21,0
DA:22,0
DA:29,0
DA:30,0
DA:38,0
DA:41,0
DA:44,0
DA:45,0
DA:46,0
DA:47,0
DA:50,0
DA:52,0
DA:54,0
DA:57,0
DA:60,0
DA:63,0
DA:66,0
DA:69,0
DA:72,0
DA:86,0
DA:88,0
DA:132,0
DA:133,0
DA:135,0
DA:142,0
DA:143,0
DA:146,0
DA:149,0
DA:150,0
DA:158,0
DA:190,0
DA:191,0
DA:193,0
DA:200,0
DA:201,0
DA:204,0
DA:205,0
DA:213,0
DA:215,0
DA:257,0
DA:258,0
DA:260,0
DA:267,0
DA:268,0
DA:271,0
DA:272,0
DA:285,0
DA:287,0
DA:327,0
DA:328,0
DA:330,0
DA:337,0
DA:338,0
DA:341,0
DA:342,0
DA:350,0
DA:352,0
DA:388,0
DA:389,0
DA:391,0
DA:398,0
DA:399,0
DA:402,0
DA:403,0
DA:411,0
DA:413,0
DA:452,0
DA:453,0
DA:455,0
DA:462,0
DA:463,0
DA:466,0
DA:467,0
DA:476,0
DA:479,0
DA:485,0
DA:492,0
DA:504,0
DA:505,0
DA:509,0
LF:86
LH:0
BRDA:11,0,0,0
BRDA:11,0,1,0
BRDA:29,1,0,0
BRDA:29,1,1,0
BRDA:37,2,0,0
BRDA:45,3,0,0
BRDA:45,3,1,0
BRDA:52,4,0,0
BRDA:52,4,1,0
BRDA:52,4,2,0
BRDA:52,4,3,0
BRDA:52,4,4,0
BRDA:52,4,5,0
BRDA:52,4,6,0
BRDA:79,5,0,0
BRDA:81,6,0,0
BRDA:82,7,0,0
BRDA:83,8,0,0
BRDA:84,9,0,0
BRDA:85,10,0,0
BRDA:157,11,0,0
BRDA:212,12,0,0
BRDA:213,13,0,0
BRDA:213,14,0,0
BRDA:279,15,0,0
BRDA:281,16,0,0
BRDA:282,17,0,0
BRDA:283,18,0,0
BRDA:284,19,0,0
BRDA:349,20,0,0
BRDA:350,21,0,0
BRDA:350,22,0,0
BRDA:410,23,0,0
BRDA:411,24,0,0
BRDA:411,25,0,0
BRDA:474,26,0,0
BRF:36
BRH:0
end_of_record
TN:
SF:services/calendarSanitizer.js
FN:9,(anonymous_0)
FN:34,(anonymous_1)
FN:84,(anonymous_2)
FN:85,(anonymous_3)
FN:109,(anonymous_4)
FN:131,(anonymous_5)
FN:137,(anonymous_6)
FN:142,(anonymous_7)
FN:160,(anonymous_8)
FN:168,(anonymous_9)
FN:173,(anonymous_10)
FN:195,(anonymous_11)
FN:205,(anonymous_12)
FN:219,(anonymous_13)
FN:226,(anonymous_14)
FN:231,(anonymous_15)
FN:241,(anonymous_16)
FN:248,(anonymous_17)
FN:255,(anonymous_18)
FN:256,(anonymous_19)
FN:262,(anonymous_20)
FN:270,(anonymous_21)
FN:274,(anonymous_22)
FN:297,(anonymous_23)
FN:309,(anonymous_24)
FN:316,(anonymous_25)
FN:326,(anonymous_26)
FN:333,(anonymous_27)
FN:336,(anonymous_28)
FN:353,(anonymous_29)
FN:360,(anonymous_30)
FNF:31
FNH:23
FNDA:81,(anonymous_0)
FNDA:62,(anonymous_1)
FNDA:58,(anonymous_2)
FNDA:113,(anonymous_3)
FNDA:3,(anonymous_4)
FNDA:124,(anonymous_5)
FNDA:714,(anonymous_6)
FNDA:1666,(anonymous_7)
FNDA:119,(anonymous_8)
FNDA:1,(anonymous_9)
FNDA:8,(anonymous_10)
FNDA:1,(anonymous_11)
FNDA:0,(anonymous_12)
FNDA:0,(anonymous_13)
FNDA:0,(anonymous_14)
FNDA:0,(anonymous_15)
FNDA:62,(anonymous_16)
FNDA:0,(anonymous_17)
FNDA:0,(anonymous_18)
FNDA:0,(anonymous_19)
FNDA:10,(anonymous_20)
FNDA:60,(anonymous_21)
FNDA:900,(anonymous_22)
FNDA:60,(anonymous_23)
FNDA:0,(anonymous_24)
FNDA:4,(anonymous_25)
FNDA:79,(anonymous_26)
FNDA:13,(anonymous_27)
FNDA:2617,(anonymous_28)
FNDA:2505,(anonymous_29)
FNDA:112,(anonymous_30)
DA:5,1
DA:6,1
DA:10,81
DA:11,81
DA:14,81
DA:24,81
DA:35,62
DA:38,62
DA:41,62
DA:42,58
DA:46,62
DA:47,2
DA:49,62
DA:50,1
DA:54,62
DA:57,62
DA:60,62
DA:61,4
DA:65,62
DA:66,1
DA:70,62
DA:71,62
DA:72,0
DA:78,62
DA:85,58
DA:86,113
DA:92,113
DA:93,113
DA:94,113
DA:98,113
DA:99,4
DA:102,113
DA:110,3
DA:112,3
DA:113,3
DA:114,3
DA:117,3
DA:118,3
DA:121,3
DA:122,1
DA:125,3
DA:132,124
DA:134,119
DA:137,119
DA:138,714
DA:142,119
DA:143,1666
DA:144,1666
DA:148,119
DA:151,119
DA:152,119
DA:154,119
DA:162,119
DA:163,119
DA:165,119
DA:168,119
DA:169,1
DA:173,119
DA:175,8
DA:182,8
DA:183,3
DA:186,5
DA:189,119
DA:196,1
DA:199,1
DA:200,1
DA:203,1
DA:204,0
DA:205,0
DA:206,0
DA:207,0
DA:208,0
DA:213,1
DA:220,0
DA:222,0
DA:223,0
DA:226,0
DA:227,0
DA:231,0
DA:232,0
DA:235,0
DA:242,62
DA:249,0
DA:256,0
DA:263,10
DA:270,10
DA:271,60
DA:272,60
DA:274,60
DA:275,900
DA:276,356
DA:281,60
DA:290,60
DA:298,60
DA:300,56
DA:301,56
DA:303,56
DA:310,0
DA:317,4
DA:327,79
DA:334,13
DA:336,13
DA:337,2617
DA:339,988
DA:340,2
DA:344,988
DA:345,1
DA:349,988
DA:350,1
DA:352,1629
DA:353,760
DA:354,2505
DA:359,13
DA:360,13
DA:361,112
DA:364,0
DA:367,13
DA:374,1
LF:118
LH:100
BRDA:34,0,0,2
BRDA:41,1,0,58
BRDA:41,1,1,4
BRDA:46,2,0,2
BRDA:46,2,1,60
BRDA:49,3,0,1
BRDA:49,3,1,61
BRDA:54,4,0,62
BRDA:54,4,1,1
BRDA:57,5,0,62
BRDA:57,5,1,4
BRDA:60,6,0,4
BRDA:60,6,1,58
BRDA:65,7,0,1
BRDA:65,7,1,61
BRDA:71,8,0,0
BRDA:71,8,1,62
BRDA:92,9,0,113
BRDA:92,9,1,0
BRDA:98,10,0,4
BRDA:98,10,1,109
BRDA:112,11,0,3
BRDA:112,11,1,0
BRDA:117,12,0,3
BRDA:117,12,1,0
BRDA:121,13,0,1
BRDA:121,13,1,2
BRDA:131,14,0,0
BRDA:132,15,0,5
BRDA:132,15,1,119
BRDA:182,16,0,3
BRDA:182,16,1,5
BRDA:199,17,0,1
BRDA:199,17,1,0
BRDA:203,18,0,0
BRDA:203,18,1,1
BRDA:207,19,0,0
BRDA:207,19,1,0
BRDA:220,20,0,0
BRDA:220,20,1,0
BRDA:222,21,0,0
BRDA:222,21,1,0
BRDA:235,22,0,0
BRDA:235,22,1,0
BRDA:255,23,0,0
BRDA:262,24,0,1
BRDA:275,25,0,356
BRDA:275,25,1,544
BRDA:282,26,0,60
BRDA:282,26,1,56
BRDA:283,27,0,60
BRDA:283,27,1,1
BRDA:285,28,0,56
BRDA:285,28,1,4
BRDA:286,29,0,60
BRDA:286,29,1,56
BRDA:287,30,0,56
BRDA:287,30,1,4
BRDA:287,31,0,56
BRDA:287,31,1,0
BRDA:298,32,0,4
BRDA:298,32,1,56
BRDA:298,33,0,60
BRDA:298,33,1,56
BRDA:300,34,0,56
BRDA:300,34,1,0
BRDA:301,35,0,56
BRDA:301,35,1,0
BRDA:336,36,0,0
BRDA:337,37,0,988
BRDA:337,37,1,1629
BRDA:339,38,0,2
BRDA:339,38,1,986
BRDA:339,39,0,988
BRDA:339,39,1,217
BRDA:339,39,2,2
BRDA:344,40,0,1
BRDA:344,40,1,987
BRDA:349,41,0,1
BRDA:349,41,1,987
BRDA:352,42,0,760
BRDA:352,42,1,869
BRDA:352,43,0,1629
BRDA:352,43,1,767
BRDA:354,44,0,2505
BRDA:354,44,1,0
BRDA:359,45,0,13
BRDA:359,45,1,0
BRF:88
BRH:66
end_of_record
TN:
SF:services/calendarService.js
FN:4,(anonymous_0)
FN:11,(anonymous_1)
FN:33,(anonymous_2)
FN:34,(anonymous_3)
FN:52,(anonymous_4)
FN:74,(anonymous_5)
FN:75,(anonymous_6)
FN:87,(anonymous_7)
FN:108,(anonymous_8)
FN:124,(anonymous_9)
FN:135,(anonymous_10)
FNF:11
FNH:0
FNDA:0,(anonymous_0)
FNDA:0,(anonymous_1)
FNDA:0,(anonymous_2)
FNDA:0,(anonymous_3)
FNDA:0,(anonymous_4)
FNDA:0,(anonymous_5)
FNDA:0,(anonymous_6)
FNDA:0,(anonymous_7)
FNDA:0,(anonymous_8)
FNDA:0,(anonymous_9)
FNDA:0,(anonymous_10)
DA:1,0
DA:5,0
DA:6,0
DA:7,0
DA:12,0
DA:13,0
DA:22,0
DA:23,0
DA:25,0
DA:27,0
DA:28,0
DA:34,0
DA:35,0
DA:36,0
DA:37,0
DA:39,0
DA:54,0
DA:55,0
DA:58,0
DA:59,0
DA:60,0
DA:64,0
DA:65,0
DA:66,0
DA:69,0
DA:75,0
DA:76,0
DA:79,0
DA:80,0
DA:84,0
DA:85,0
DA:87,0
DA:88,0
DA:89,0
DA:90,0
DA:93,0
DA:96,0
DA:97,0
DA:98,0
DA:99,0
DA:101,0
DA:104,0
DA:109,0
DA:110,0
DA:115,0
DA:116,0
DA:118,0
DA:119,0
DA:125,0
DA:126,0
DA:127,0
DA:129,0
DA:130,0
DA:136,0
DA:137,0
DA:138,0
DA:141,0
DA:142,0
DA:144,0
DA:145,0
DA:146,0
DA:150,0
DA:151,0
DA:152,0
DA:154,0
DA:155,0
DA:158,0
DA:159,0
DA:163,0
DA:164,0
DA:165,0
DA:173,0
DA:176,0
DA:178,0
DA:179,0
DA:184,0
LF:76
LH:0
BRDA:11,0,0,0
BRDA:22,1,0,0
BRDA:22,1,1,0
BRDA:35,2,0,0
BRDA:35,2,1,0
BRDA:36,3,0,0
BRDA:36,3,1,0
BRDA:41,4,0,0
BRDA:41,4,1,0
BRDA:45,5,0,0
BRDA:45,5,1,0
BRDA:46,6,0,0
BRDA:46,6,1,0
BRDA:58,7,0,0
BRDA:58,7,1,0
BRDA:58,8,0,0
BRDA:58,8,1,0
BRDA:59,9,0,0
BRDA:59,9,1,0
BRDA:64,10,0,0
BRDA:64,10,1,0
BRDA:76,11,0,0
BRDA:76,11,1,0
BRDA:79,12,0,0
BRDA:79,12,1,0
BRDA:96,13,0,0
BRDA:96,13,1,0
BRDA:98,14,0,0
BRDA:98,14,1,0
BRDA:108,15,0,0
BRDA:127,16,0,0
BRDA:127,16,1,0
BRDA:135,17,0,0
BRDA:144,18,0,0
BRDA:144,18,1,0
BRDA:144,19,0,0
BRDA:144,19,1,0
BRDA:158,20,0,0
BRDA:158,20,1,0
BRDA:164,21,0,0
BRDA:164,21,1,0
BRF:41
BRH:0
end_of_record
TN:
SF:services/conferenceProtection.js
FN:6,(anonymous_0)
FN:64,(anonymous_1)
FN:96,(anonymous_2)
FN:102,(anonymous_3)
FN:103,(anonymous_4)
FN:109,(anonymous_5)
FN:115,(anonymous_6)
FN:117,(anonymous_7)
FN:137,(anonymous_8)
FN:154,(anonymous_9)
FN:158,(anonymous_10)
FN:166,(anonymous_11)
FN:179,(anonymous_12)
FN:191,(anonymous_13)
FN:197,(anonymous_14)
FN:207,(anonymous_15)
FN:210,(anonymous_16)
FN:237,(anonymous_17)
FNF:18
FNH:16
FNDA:162,(anonymous_0)
FNDA:69,(anonymous_1)
FNDA:144,(anonymous_2)
FNDA:665,(anonymous_3)
FNDA:3591,(anonymous_4)
FNDA:266,(anonymous_5)
FNDA:165,(anonymous_6)
FNDA:1650,(anonymous_7)
FNDA:69,(anonymous_8)
FNDA:1,(anonymous_9)
FNDA:2,(anonymous_10)
FNDA:0,(anonymous_11)
FNDA:8,(anonymous_12)
FNDA:60,(anonymous_13)
FNDA:3,(anonymous_14)
FNDA:2,(anonymous_15)
FNDA:6,(anonymous_16)
FNDA:0,(anonymous_17)
DA:8,162
DA:49,162
DA:55,162
DA:65,69
DA:68,69
DA:69,69
DA:70,69
DA:73,69
DA:74,5
DA:81,69
DA:82,1
DA:86,69
DA:87,1
DA:90,69
DA:97,144
DA:99,133
DA:102,133
DA:103,665
DA:104,3591
DA:109,133
DA:110,266
DA:114,133
DA:115,133
DA:116,165
DA:117,165
DA:118,1650
DA:122,133
DA:125,133
DA:126,133
DA:129,133
DA:131,133
DA:138,69
DA:141,6
DA:144,6
DA:145,2
DA:148,4
DA:155,1
DA:157,1
DA:158,1
DA:159,2
DA:160,0
DA:165,1
DA:166,0
DA:167,0
DA:168,0
DA:173,1
DA:180,8
DA:182,7
DA:185,7
DA:187,1
DA:191,60
DA:199,3
DA:208,2
DA:210,2
DA:211,6
DA:212,1
DA:216,2
DA:217,2
DA:218,2
DA:220,2
DA:221,0
DA:224,2
DA:225,1
DA:228,2
DA:238,0
DA:244,0
DA:245,0
DA:246,0
DA:249,0
DA:250,0
DA:251,0
DA:254,0
DA:255,0
DA:258,0
DA:259,0
DA:262,0
DA:266,1
LF:77
LH:60
BRDA:68,0,0,69
BRDA:68,0,1,6
BRDA:69,1,0,69
BRDA:69,1,1,5
BRDA:70,2,0,69
BRDA:70,2,1,63
BRDA:73,3,0,5
BRDA:73,3,1,64
BRDA:81,4,0,1
BRDA:81,4,1,68
BRDA:86,5,0,1
BRDA:86,5,1,68
BRDA:97,6,0,11
BRDA:97,6,1,133
BRDA:118,7,0,1650
BRDA:118,7,1,3
BRDA:138,8,0,63
BRDA:138,8,1,6
BRDA:144,9,0,2
BRDA:144,9,1,4
BRDA:144,10,0,6
BRDA:144,10,1,4
BRDA:157,11,0,1
BRDA:157,11,1,0
BRDA:159,12,0,0
BRDA:159,12,1,2
BRDA:165,13,0,0
BRDA:165,13,1,1
BRDA:167,14,0,0
BRDA:167,14,1,0
BRDA:180,15,0,1
BRDA:180,15,1,7
BRDA:185,16,0,1
BRDA:185,16,1,6
BRDA:185,17,0,7
BRDA:185,17,1,6
BRDA:185,17,2,6
BRDA:185,17,3,6
BRDA:199,18,0,3
BRDA:199,18,1,3
BRDA:199,18,2,3
BRDA:211,19,0,1
BRDA:211,19,1,5
BRDA:220,20,0,0
BRDA:220,20,1,2
BRDA:220,21,0,2
BRDA:220,21,1,0
BRDA:224,22,0,1
BRDA:224,22,1,1
BRDA:244,23,0,0
BRDA:244,23,1,0
BRDA:246,24,0,0
BRDA:246,24,1,0
BRDA:249,25,0,0
BRDA:249,25,1,0
BRDA:251,26,0,0
BRDA:251,26,1,0
BRDA:254,27,0,0
BRDA:254,27,1,0
BRDA:258,28,0,0
BRDA:258,28,1,0
BRDA:258,29,0,0
BRDA:258,29,1,0
BRF:63
BRH:42
end_of_record
TN:
SF:services/dataProtection.js
FN:9,(anonymous_0)
FN:33,(anonymous_1)
FN:105,(anonymous_2)
FN:108,(anonymous_3)
FN:117,(anonymous_4)
FN:130,(anonymous_5)
FN:141,(anonymous_6)
FN:157,(anonymous_7)
FN:171,(anonymous_8)
FN:187,(anonymous_9)
FN:201,(anonymous_10)
FN:223,(anonymous_11)
FN:243,(anonymous_12)
FN:246,(anonymous_13)
FN:270,(anonymous_14)
FN:274,(anonymous_15)
FN:287,(anonymous_16)
FN:292,(anonymous_17)
FN:299,(anonymous_18)
FN:321,(anonymous_19)
FN:332,(anonymous_20)
FN:347,(anonymous_21)
FN:355,(anonymous_22)
FN:365,(anonymous_23)
FN:377,(anonymous_24)
FNF:25
FNH:24
FNDA:42,(anonymous_0)
FNDA:12,(anonymous_1)
FNDA:1,(anonymous_2)
FNDA:1,(anonymous_3)
FNDA:8,(anonymous_4)
FNDA:1,(anonymous_5)
FNDA:1,(anonymous_6)
FNDA:1,(anonymous_7)
FNDA:4,(anonymous_8)
FNDA:7,(anonymous_9)
FNDA:0,(anonymous_10)
FNDA:11,(anonymous_11)
FNDA:11,(anonymous_12)
FNDA:2617,(anonymous_13)
FNDA:321,(anonymous_14)
FNDA:2285,(anonymous_15)
FNDA:9,(anonymous_16)
FNDA:59,(anonymous_17)
FNDA:59,(anonymous_18)
FNDA:4,(anonymous_19)
FNDA:39,(anonymous_20)
FNDA:1,(anonymous_21)
FNDA:76,(anonymous_22)
FNDA:1,(anonymous_23)
FNDA:1,(anonymous_24)
DA:5,1
DA:6,1
DA:10,42
DA:11,42
DA:13,42
DA:21,42
DA:34,12
DA:35,12
DA:37,12
DA:40,12
DA:41,1
DA:45,11
DA:47,11
DA:48,0
DA:49,0
DA:54,11
DA:56,1
DA:57,1
DA:59,8
DA:60,8
DA:62,1
DA:63,1
DA:65,1
DA:69,10
DA:70,10
DA:71,3
DA:72,1
DA:74,2
DA:79,9
DA:81,9
DA:82,9
DA:88,9
DA:97,3
DA:98,3
DA:106,1
DA:108,1
DA:110,1
DA:118,8
DA:120,8
DA:131,1
DA:133,1
DA:141,1
DA:158,1
DA:161,1
DA:168,1
DA:171,1
DA:172,4
DA:173,4
DA:177,1
DA:187,1
DA:189,7
DA:190,0
DA:191,0
DA:195,1
DA:202,0
DA:203,0
DA:206,0
DA:209,0
DA:215,0
DA:216,0
DA:224,11
DA:227,11
DA:228,11
DA:231,11
DA:232,11
DA:234,11
DA:244,11
DA:246,11
DA:247,2617
DA:249,981
DA:250,0
DA:254,981
DA:255,0
DA:259,981
DA:260,0
DA:264,981
DA:265,981
DA:266,981
DA:267,1
DA:269,1636
DA:270,117
DA:271,321
DA:273,1519
DA:274,650
DA:275,2285
DA:280,11
DA:281,11
DA:288,9
DA:289,9
DA:292,9
DA:293,59
DA:294,56
DA:299,9
DA:300,59
DA:301,59
DA:303,59
DA:304,3
DA:308,59
DA:309,59
DA:311,59
DA:312,0
DA:322,4
DA:333,39
DA:334,39
DA:341,39
DA:348,1
DA:349,1
DA:356,76
DA:357,2
DA:358,2
DA:366,1
DA:378,1
DA:387,1
LF:113
LH:99
BRDA:9,0,0,0
BRDA:14,1,0,42
BRDA:14,1,1,40
BRDA:17,2,0,42
BRDA:17,2,1,41
BRDA:33,3,0,1
BRDA:40,4,0,1
BRDA:40,4,1,11
BRDA:40,5,0,12
BRDA:40,5,1,11
BRDA:40,5,2,0
BRDA:45,6,0,11
BRDA:45,6,1,0
BRDA:45,7,0,0
BRDA:45,7,1,0
BRDA:47,8,0,0
BRDA:47,8,1,11
BRDA:54,9,0,1
BRDA:54,9,1,8
BRDA:54,9,2,1
BRDA:54,9,3,1
BRDA:70,10,0,3
BRDA:70,10,1,7
BRDA:71,11,0,1
BRDA:71,11,1,2
BRDA:158,12,0,0
BRDA:158,12,1,1
BRDA:189,13,0,0
BRDA:189,13,1,7
BRDA:246,14,0,11
BRDA:247,15,0,981
BRDA:247,15,1,1636
BRDA:249,16,0,0
BRDA:249,16,1,981
BRDA:254,17,0,0
BRDA:254,17,1,981
BRDA:259,18,0,0
BRDA:259,18,1,981
BRDA:265,19,0,981
BRDA:265,19,1,877
BRDA:265,19,2,877
BRDA:266,20,0,1
BRDA:266,20,1,980
BRDA:266,21,0,981
BRDA:266,21,1,977
BRDA:266,21,2,772
BRDA:266,21,3,772
BRDA:269,22,0,117
BRDA:269,22,1,1519
BRDA:273,23,0,650
BRDA:273,23,1,869
BRDA:273,24,0,1519
BRDA:273,24,1,657
BRDA:275,25,0,2285
BRDA:275,25,1,0
BRDA:293,26,0,56
BRDA:293,26,1,3
BRDA:301,27,0,59
BRDA:301,27,1,0
BRDA:303,28,0,3
BRDA:303,28,1,56
BRDA:303,29,0,59
BRDA:303,29,1,3
BRDA:308,30,0,59
BRDA:308,30,1,1
BRDA:308,31,0,59
BRDA:308,31,1,4
BRDA:309,32,0,59
BRDA:309,32,1,1
BRDA:309,33,0,59
BRDA:309,33,1,5
BRDA:311,34,0,0
BRDA:311,34,1,59
BRDA:355,35,0,49
BRDA:356,36,0,2
BRDA:356,36,1,74
BRDA:358,37,0,1
BRDA:358,37,1,1
BRF:78
BRH:64
end_of_record
TN:
SF:services/schedulingEngine.js
FN:9,(anonymous_0)
FN:18,(anonymous_1)
FN:47,(anonymous_2)
FN:82,(anonymous_3)
FN:135,(anonymous_4)
FN:169,(anonymous_5)
FN:206,(anonymous_6)
FN:240,(anonymous_7)
FN:292,(anonymous_8)
FN:300,(anonymous_9)
FN:306,(anonymous_10)
FN:309,(anonymous_11)
FN:324,(anonymous_12)
FN:352,(anonymous_13)
FN:358,(anonymous_14)
FN:360,(anonymous_15)
FN:376,(anonymous_16)
FN:385,(anonymous_17)
FN:387,(anonymous_18)
FN:388,(anonymous_19)
FN:394,(anonymous_20)
FN:406,(anonymous_21)
FN:415,(anonymous_22)
FN:428,(anonymous_23)
FN:429,(anonymous_24)
FN:437,(anonymous_25)
FN:438,(anonymous_26)
FN:439,(anonymous_27)
FN:450,(anonymous_28)
FN:455,(anonymous_29)
FN:460,(anonymous_30)
FN:465,(anonymous_31)
FN:469,(anonymous_32)
FN:479,(anonymous_33)
FN:485,(anonymous_34)
FN:489,(anonymous_35)
FN:495,(anonymous_36)
FN:503,(anonymous_37)
FN:504,(anonymous_38)
FN:511,(anonymous_39)
FN:512,(anonymous_40)
FNF:41
FNH:0
FNDA:0,(anonymous_0)
FNDA:0,(anonymous_1)
FNDA:0,(anonymous_2)
FNDA:0,(anonymous_3)
FNDA:0,(anonymous_4)
FNDA:0,(anonymous_5)
FNDA:0,(anonymous_6)
FNDA:0,(anonymous_7)
FNDA:0,(anonymous_8)
FNDA:0,(anonymous_9)
FNDA:0,(anonymous_10)
FNDA:0,(anonymous_11)
FNDA:0,(anonymous_12)
FNDA:0,(anonymous_13)
FNDA:0,(anonymous_14)
FNDA:0,(anonymous_15)
FNDA:0,(anonymous_16)
FNDA:0,(anonymous_17)
FNDA:0,(anonymous_18)
FNDA:0,(anonymous_19)
FNDA:0,(anonymous_20)
FNDA:0,(anonymous_21)
FNDA:0,(anonymous_22)
FNDA:0,(anonymous_23)
FNDA:0,(anonymous_24)
FNDA:0,(anonymous_25)
FNDA:0,(anonymous_26)
FNDA:0,(anonymous_27)
FNDA:0,(anonymous_28)
FNDA:0,(anonymous_29)
FNDA:0,(anonymous_30)
FNDA:0,(anonymous_31)
FNDA:0,(anonymous_32)
FNDA:0,(anonymous_33)
FNDA:0,(anonymous_34)
FNDA:0,(anonymous_35)
FNDA:0,(anonymous_36)
FNDA:0,(anonymous_37)
FNDA:0,(anonymous_38)
FNDA:0,(anonymous_39)
FNDA:0,(anonymous_40)
DA:6,0
DA:10,0
DA:11,0
DA:12,0
DA:19,0
DA:25,0
DA:35,0
DA:54,0
DA:56,0
DA:58,0
DA:60,0
DA:63,0
DA:66,0
DA:69,0
DA:72,0
DA:75,0
DA:89,0
DA:92,0
DA:95,0
DA:98,0
DA:108,0
DA:115,0
DA:118,0
DA:141,0
DA:143,0
DA:149,0
DA:156,0
DA:158,0
DA:174,0
DA:177,0
DA:191,0
DA:193,0
DA:207,0
DA:209,0
DA:210,0
DA:217,0
DA:223,0
DA:229,0
DA:241,0
DA:242,0
DA:245,0
DA:247,0
DA:248,0
DA:249,0
DA:257,0
DA:264,0
DA:265,0
DA:269,0
DA:273,0
DA:281,0
DA:293,0
DA:294,0
DA:297,0
DA:300,0
DA:301,0
DA:302,0
DA:306,0
DA:309,0
DA:310,0
DA:311,0
DA:318,0
DA:325,0
DA:328,0
DA:329,0
DA:330,0
DA:331,0
DA:335,0
DA:336,0
DA:337,0
DA:341,0
DA:342,0
DA:343,0
DA:346,0
DA:355,0
DA:359,0
DA:360,0
DA:361,0
DA:364,0
DA:365,0
DA:366,0
DA:368,0
DA:369,0
DA:373,0
DA:377,0
DA:378,0
DA:379,0
DA:380,0
DA:382,0
DA:386,0
DA:387,0
DA:388,0
DA:395,0
DA:407,0
DA:416,0
DA:417,0
DA:420,0
DA:429,0
DA:430,0
DA:431,0
DA:432,0
DA:433,0
DA:438,0
DA:439,0
DA:441,0
DA:451,0
DA:452,0
DA:457,0
DA:462,0
DA:466,0
DA:470,0
DA:481,0
DA:485,0
DA:490,0
DA:491,0
DA:492,0
DA:496,0
DA:504,0
DA:512,0
DA:520,0
LF:119
LH:0
BRDA:49,0,0,0
BRDA:50,1,0,0
BRDA:51,2,0,0
BRDA:52,3,0,0
BRDA:53,4,0,0
BRDA:58,5,0,0
BRDA:58,5,1,0
BRDA:58,5,2,0
BRDA:58,5,3,0
BRDA:58,5,4,0
BRDA:58,5,5,0
BRDA:84,6,0,0
BRDA:85,7,0,0
BRDA:86,8,0,0
BRDA:87,9,0,0
BRDA:88,10,0,0
BRDA:95,11,0,0
BRDA:95,11,1,0
BRDA:101,12,0,0
BRDA:101,12,1,0
BRDA:137,13,0,0
BRDA:138,14,0,0
BRDA:139,15,0,0
BRDA:140,16,0,0
BRDA:171,17,0,0
BRDA:172,18,0,0
BRDA:173,19,0,0
BRDA:209,20,0,0
BRDA:209,20,1,0
BRDA:219,21,0,0
BRDA:219,21,1,0
BRDA:220,22,0,0
BRDA:220,22,1,0
BRDA:264,23,0,0
BRDA:264,23,1,0
BRDA:293,24,0,0
BRDA:294,25,0,0
BRDA:294,25,1,0
BRDA:297,26,0,0
BRDA:297,26,1,0
BRDA:328,27,0,0
BRDA:328,27,1,0
BRDA:328,27,2,0
BRDA:335,28,0,0
BRDA:335,28,1,0
BRDA:341,29,0,0
BRDA:341,29,1,0
BRDA:361,30,0,0
BRDA:361,30,1,0
BRDA:361,31,0,0
BRDA:361,31,1,0
BRDA:368,32,0,0
BRDA:368,32,1,0
BRDA:377,33,0,0
BRDA:377,33,1,0
BRDA:378,34,0,0
BRDA:378,34,1,0
BRDA:379,35,0,0
BRDA:379,35,1,0
BRDA:380,36,0,0
BRDA:380,36,1,0
BRDA:382,37,0,0
BRDA:382,37,1,0
BRDA:387,38,0,0
BRDA:387,38,1,0
BRDA:416,39,0,0
BRDA:416,39,1,0
BRDA:431,40,0,0
BRDA:431,40,1,0
BRDA:432,41,0,0
BRDA:432,41,1,0
BRDA:452,42,0,0
BRDA:452,42,1,0
BRDA:452,42,2,0
BRF:74
BRH:0
end_of_record
TN:
SF:utils/anonymization.js
FN:6,(anonymous_0)
FN:21,(anonymous_1)
FN:35,(anonymous_2)
FN:58,(anonymous_3)
FN:73,(anonymous_4)
FN:89,(anonymous_5)
FN:116,(anonymous_6)
FN:124,(anonymous_7)
FN:132,(anonymous_8)
FN:142,(anonymous_9)
FN:148,(anonymous_10)
FN:165,(anonymous_11)
FN:177,(anonymous_12)
FNF:13
FNH:13
FNDA:120,(anonymous_0)
FNDA:131,(anonymous_1)
FNDA:119,(anonymous_2)
FNDA:9,(anonymous_3)
FNDA:6,(anonymous_4)
FNDA:9,(anonymous_5)
FNDA:16,(anonymous_6)
FNDA:15,(anonymous_7)
FNDA:15,(anonymous_8)
FNDA:6,(anonymous_9)
FNDA:2,(anonymous_10)
FNDA:4,(anonymous_11)
FNDA:118,(anonymous_12)
DA:7,120
DA:8,120
DA:9,120
DA:10,120
DA:11,120
DA:12,120
DA:13,120
DA:14,120
DA:15,120
DA:22,131
DA:23,131
DA:25,131
DA:26,9
DA:29,122
DA:30,122
DA:31,122
DA:32,122
DA:36,119
DA:38,119
DA:39,103
DA:43,16
DA:44,16
DA:45,1
DA:46,15
DA:47,0
DA:48,15
DA:49,1
DA:52,16
DA:53,16
DA:54,16
DA:55,16
DA:59,9
DA:61,9
DA:62,0
DA:66,9
DA:67,9
DA:68,9
DA:69,9
DA:70,9
DA:74,6
DA:76,6
DA:77,1
DA:80,5
DA:81,5
DA:82,5
DA:83,5
DA:90,9
DA:92,9
DA:94,2
DA:97,7
DA:98,5
DA:101,2
DA:102,1
DA:105,1
DA:107,0
DA:110,1
DA:117,16
DA:121,16
DA:125,15
DA:129,15
DA:133,15
DA:136,15
DA:143,6
DA:144,4
DA:147,2
DA:148,2
DA:151,1
DA:152,1
DA:153,1
DA:154,2
DA:156,1
DA:159,0
DA:166,4
DA:178,118
DA:179,118
DA:180,118
DA:181,118
DA:182,118
DA:183,118
DA:184,118
DA:185,118
DA:186,118
DA:190,1
LF:83
LH:79
BRDA:21,0,0,124
BRDA:22,1,0,131
BRDA:22,1,1,0
BRDA:23,2,0,0
BRDA:23,2,1,131
BRDA:25,3,0,9
BRDA:25,3,1,122
BRDA:36,4,0,0
BRDA:36,4,1,119
BRDA:38,5,0,103
BRDA:38,5,1,16
BRDA:44,6,0,1
BRDA:44,6,1,15
BRDA:46,7,0,0
BRDA:46,7,1,15
BRDA:48,8,0,1
BRDA:48,8,1,14
BRDA:59,9,0,0
BRDA:59,9,1,9
BRDA:61,10,0,0
BRDA:61,10,1,9
BRDA:74,11,0,0
BRDA:74,11,1,6
BRDA:76,12,0,1
BRDA:76,12,1,5
BRDA:92,13,0,2
BRDA:92,13,1,7
BRDA:92,14,0,9
BRDA:92,14,1,8
BRDA:92,14,2,7
BRDA:92,14,3,7
BRDA:97,15,0,5
BRDA:97,15,1,2
BRDA:97,16,0,7
BRDA:97,16,1,2
BRDA:101,17,0,1
BRDA:101,17,1,1
BRDA:101,18,0,2
BRDA:101,18,1,1
BRDA:105,19,0,0
BRDA:105,19,1,1
BRDA:105,20,0,1
BRDA:105,20,1,1
BRDA:105,20,2,1
BRDA:143,21,0,4
BRDA:143,21,1,2
BRDA:144,22,0,4
BRDA:144,22,1,0
BRDA:147,23,0,1
BRDA:147,23,1,1
BRDA:151,24,0,1
BRDA:151,24,1,0
BRDA:151,25,0,1
BRDA:151,25,1,1
BRF:54
BRH:44
end_of_record
